<?xml version="1.0" encoding="UTF-8"?>
<!-- Generated by org.testng.reporters.JUnitReportReporter -->
<testsuite hostname="LAPTOP-9KEMVCF5" failures="0" tests="3" name="qaclickacademy.RESTAPITest" time="0.000" errors="0" timestamp="2019-11-21T13:53:26 EST" skipped="0">
  <testcase classname="qaclickacademy.RESTAPITest" name="RestApiDummyTest1" time="0.000"/>
  <testcase classname="qaclickacademy.RESTAPITest" name="RestApiDummyTest2" time="0.000"/>
  <testcase classname="qaclickacademy.RESTAPITest" name="PostJira" time="0.000"/>
</testsuite> <!-- qaclickacademy.RESTAPITest -->
