<?xml version="1.0" encoding="UTF-8"?>
<!-- Generated by org.testng.reporters.JUnitReportReporter -->
<testsuite hostname="LAPTOP-9KEMVCF5" failures="0" tests="3" name="qaclickacademy.SeleniumTest" time="0.000" errors="0" timestamp="2019-12-03T11:48:57 EST" skipped="0">
  <testcase classname="qaclickacademy.SeleniumTest" name="WebBrowserDummyTest2" time="0.000"/>
  <testcase classname="qaclickacademy.SeleniumTest" name="WebBrowserDummyTest1" time="0.000"/>
  <testcase classname="qaclickacademy.SeleniumTest" name="WebBrowserUIAUtomation" time="0.000"/>
</testsuite> <!-- qaclickacademy.SeleniumTest -->
