<?xml version="1.0" encoding="UTF-8"?>
<!-- Generated by org.testng.reporters.JUnitReportReporter -->
<testsuite hostname="LAPTOP-9KEMVCF5" failures="0" tests="3" name="qaclickacademy.AppiumTest" time="0.000" errors="0" timestamp="2019-12-03T11:48:57 EST" skipped="0">
  <testcase classname="qaclickacademy.AppiumTest" name="MobileAutomation" time="0.000"/>
  <testcase classname="qaclickacademy.AppiumTest" name="MobileAutomationDummyTest2" time="0.000"/>
  <testcase classname="qaclickacademy.AppiumTest" name="MobileAutomationDummyTest1" time="0.000"/>
</testsuite> <!-- qaclickacademy.AppiumTest -->
